sending incremental file list
./
README.md
log.log
.git/
.git/COMMIT_EDITMSG
.git/FETCH_HEAD
.git/HEAD
.git/config
.git/description
.git/index
.git/packed-refs
.git/branches/
.git/hooks/
.git/hooks/applypatch-msg.sample
.git/hooks/commit-msg.sample
.git/hooks/fsmonitor-watchman.sample
.git/hooks/post-update.sample
.git/hooks/pre-applypatch.sample
.git/hooks/pre-commit.sample
.git/hooks/pre-merge-commit.sample
.git/hooks/pre-push.sample
.git/hooks/pre-rebase.sample
.git/hooks/pre-receive.sample
.git/hooks/prepare-commit-msg.sample
.git/hooks/push-to-checkout.sample
.git/hooks/sendemail-validate.sample
.git/hooks/update.sample
.git/info/
.git/info/exclude
.git/logs/
.git/logs/HEAD
.git/logs/refs/
.git/logs/refs/heads/
.git/logs/refs/heads/main
.git/logs/refs/remotes/
.git/logs/refs/remotes/origin/
.git/logs/refs/remotes/origin/HEAD
.git/logs/refs/remotes/origin/main
.git/objects/
.git/objects/1e/
.git/objects/1e/457ac4ca4977ece142e8679685e5ab3e2ae46b
.git/objects/24/
.git/objects/24/475c2fa8cd0e401c9e5dc5bf9b1e5721d3d3b4
.git/objects/45/
.git/objects/45/594a6df715a1561e3bac1cdd6928ad07a38a0c
.git/objects/48/
.git/objects/48/f608fabf8fa0ec8aad74630d58274cd6b28051
.git/objects/51/
.git/objects/51/d1bc453723f696b31eb0ba5f7c7d854dd07cb5
.git/objects/6a/
.git/objects/6a/55df3b0d4e9b8f119359af9a09ddf6b4c77e76
.git/objects/79/
.git/objects/79/81129972e7befe6f182483f3eff9b0995b9ae1
.git/objects/80/
.git/objects/80/4980679c6ddd649d24d74a73773fcb5811c06f
.git/objects/91/
.git/objects/91/9be76d14f07b549dde6637ed1b353737508c62
.git/objects/a5/
.git/objects/a5/8df16200eca6c2f591ee47533f96a599271d4d
.git/objects/dc/
.git/objects/dc/4cff8a0d37c10645c2335d93eb4b34e36d7bdf
.git/objects/e0/
.git/objects/e0/ae7f44a0e5254ed674f6e5ccce03b1cf6be1e0
.git/objects/e9/
.git/objects/e9/46af765e959cfb7d2833f9cad086ecb4e296b3
.git/objects/info/
.git/objects/pack/
.git/objects/pack/pack-5c8a817da89d5a32826753435aa5a6f29490f4fa.idx
.git/objects/pack/pack-5c8a817da89d5a32826753435aa5a6f29490f4fa.pack
.git/objects/pack/pack-5c8a817da89d5a32826753435aa5a6f29490f4fa.rev
.git/refs/
.git/refs/heads/
.git/refs/heads/main
.git/refs/remotes/
.git/refs/remotes/origin/
.git/refs/remotes/origin/HEAD
.git/refs/remotes/origin/main
.git/refs/tags/
scripts/
scripts/backup.sh
scripts/debugging.sh
scripts/grepAwkSed.sh
scripts/log.log

sent 19,583 bytes  received 1,120 bytes  8,281.20 bytes/sec
total size is 34,220  speedup is 1.65
 Backup success !! : Sun 26 Oct 10:46:25 EEST 2025 
